<?xml version="1.0" encoding="UTF-8"?>
<!-- Generated by org.testng.reporters.JUnitReportReporter -->
<testsuite hostname="DEEPAKs-MacBook-Pro.local" failures="0" tests="1" name="practice.NewTest" time="0.005" errors="0" timestamp="2022-02-07T12:43:17 PST" skipped="0">
  <testcase classname="practice.NewTest" name="f" time="0.005"/>
  <system-out/>
</testsuite> <!-- practice.NewTest -->
